# JRE version: Java(TM) SE Runtime Environment (17.0.6+9) (build 17.0.6+9-LTS-190)
# Java VM: Java HotSpot(TM) 64-Bit Server VM (17.0.6+9-LTS-190, mixed mode, sharing, tiered, compressed oops, compressed class ptrs, g1 gc, windows-amd64)
GC Precious Log:
 CPUs: 8 total, 8 available
 Memory: 7968M
 Large Page Support: Disabled
 NUMA Support: Disabled
 Compressed Oops: Enabled (32-bit)
 Heap Region Size: 1M
 Heap Min Capacity: 8M
 Heap Initial Capacity: 126M
 Heap Max Capacity: 1994M
 Pre-touch: Disabled
 Parallel Workers: 8
 Concurrent Workers: 2
 Concurrent Refinement Workers: 8
 Periodic GC: Disabled
Heap:
 garbage-first heap   total 55296K, used 23438K [0x0000000083600000, 0x0000000100000000)
  region size 1024K, 6 young (6144K), 1 survivors (1024K)
 Metaspace       used 36960K, committed 37376K, reserved 1081344K
  class space    used 4713K, committed 4928K, reserved 1048576K
GC Heap History (16 events):
Event: 1.447 GC heap before
{Heap before GC invocations=0 (full 0):
 garbage-first heap   total 129024K, used 23552K [0x0000000083600000, 0x0000000100000000)
  region size 1024K, 23 young (23552K), 0 survivors (0K)
 Metaspace       used 5933K, committed 6080K, reserved 1056768K
  class space    used 691K, committed 768K, reserved 1048576K
}
Event: 1.454 GC heap after
{Heap after GC invocations=1 (full 0):
 garbage-first heap   total 129024K, used 7211K [0x0000000083600000, 0x0000000100000000)
  region size 1024K, 3 young (3072K), 3 survivors (3072K)
 Metaspace       used 5933K, committed 6080K, reserved 1056768K
  class space    used 691K, committed 768K, reserved 1048576K
}
Event: 2.400 GC heap before
{Heap before GC invocations=1 (full 0):
 garbage-first heap   total 129024K, used 34859K [0x0000000083600000, 0x0000000100000000)
  region size 1024K, 30 young (30720K), 3 survivors (3072K)
 Metaspace       used 12438K, committed 12672K, reserved 1064960K
  class space    used 1501K, committed 1600K, reserved 1048576K
}
Event: 2.408 GC heap after
{Heap after GC invocations=2 (full 0):
 garbage-first heap   total 129024K, used 9547K [0x0000000083600000, 0x0000000100000000)
  region size 1024K, 3 young (3072K), 3 survivors (3072K)
 Metaspace       used 12438K, committed 12672K, reserved 1064960K
  class space    used 1501K, committed 1600K, reserved 1048576K
}
Event: 5.044 GC heap before
{Heap before GC invocations=2 (full 0):
 garbage-first heap   total 129024K, used 64843K [0x0000000083600000, 0x0000000100000000)
  region size 1024K, 59 young (60416K), 3 survivors (3072K)
 Metaspace       used 21231K, committed 21504K, reserved 1073152K
  class space    used 2513K, committed 2688K, reserved 1048576K
}
Event: 5.056 GC heap after
{Heap after GC invocations=3 (full 0):
 garbage-first heap   total 129024K, used 13519K [0x0000000083600000, 0x0000000100000000)
  region size 1024K, 7 young (7168K), 7 survivors (7168K)
 Metaspace       used 21231K, committed 21504K, reserved 1073152K
  class space    used 2513K, committed 2688K, reserved 1048576K
}
Event: 5.906 GC heap before
{Heap before GC invocations=4 (full 0):
 garbage-first heap   total 55296K, used 39119K [0x0000000083600000, 0x0000000100000000)
  region size 1024K, 32 young (32768K), 7 survivors (7168K)
 Metaspace       used 24504K, committed 24832K, reserved 1073152K
  class space    used 3048K, committed 3200K, reserved 1048576K
}
Event: 5.929 GC heap after
{Heap after GC invocations=5 (full 0):
 garbage-first heap   total 55296K, used 15182K [0x0000000083600000, 0x0000000100000000)
  region size 1024K, 2 young (2048K), 2 survivors (2048K)
 Metaspace       used 24504K, committed 24832K, reserved 1073152K
  class space    used 3048K, committed 3200K, reserved 1048576K
}
Event: 5.991 GC heap before
{Heap before GC invocations=5 (full 0):
 garbage-first heap   total 55296K, used 16206K [0x0000000083600000, 0x0000000100000000)
  region size 1024K, 3 young (3072K), 2 survivors (2048K)
 Metaspace       used 24716K, committed 24960K, reserved 1073152K
  class space    used 3080K, committed 3200K, reserved 1048576K
}
Event: 5.996 GC heap after
{Heap after GC invocations=6 (full 0):
 garbage-first heap   total 55296K, used 15253K [0x0000000083600000, 0x0000000100000000)
  region size 1024K, 1 young (1024K), 1 survivors (1024K)
 Metaspace       used 24716K, committed 24960K, reserved 1073152K
  class space    used 3080K, committed 3200K, reserved 1048576K
}
Event: 6.732 GC heap before
{Heap before GC invocations=6 (full 0):
 garbage-first heap   total 55296K, used 36757K [0x0000000083600000, 0x0000000100000000)
  region size 1024K, 22 young (22528K), 1 survivors (1024K)
 Metaspace       used 28669K, committed 28992K, reserved 1081344K
  class space    used 3651K, committed 3776K, reserved 1048576K
}
Event: 6.742 GC heap after
{Heap after GC invocations=7 (full 0):
 garbage-first heap   total 55296K, used 17140K [0x0000000083600000, 0x0000000100000000)
  region size 1024K, 3 young (3072K), 3 survivors (3072K)
 Metaspace       used 28669K, committed 28992K, reserved 1081344K
  class space    used 3651K, committed 3776K, reserved 1048576K
}
Event: 9.844 GC heap before
{Heap before GC invocations=7 (full 0):
 garbage-first heap   total 55296K, used 36596K [0x0000000083600000, 0x0000000100000000)
  region size 1024K, 23 young (23552K), 3 survivors (3072K)
 Metaspace       used 33984K, committed 34432K, reserved 1081344K
  class space    used 4282K, committed 4544K, reserved 1048576K
}
Event: 9.854 GC heap after
{Heap after GC invocations=8 (full 0):
 garbage-first heap   total 55296K, used 19336K [0x0000000083600000, 0x0000000100000000)
  region size 1024K, 3 young (3072K), 3 survivors (3072K)
 Metaspace       used 33984K, committed 34432K, reserved 1081344K
  class space    used 4282K, committed 4544K, reserved 1048576K
}
Event: 10.089 GC heap before
{Heap before GC invocations=8 (full 0):
 garbage-first heap   total 55296K, used 28552K [0x0000000083600000, 0x0000000100000000)
  region size 1024K, 13 young (13312K), 3 survivors (3072K)
 Metaspace       used 35788K, committed 36096K, reserved 1081344K
  class space    used 4526K, committed 4672K, reserved 1048576K
}
Event: 10.096 GC heap after
{Heap after GC invocations=9 (full 0):
 garbage-first heap   total 55296K, used 20366K [0x0000000083600000, 0x0000000100000000)
  region size 1024K, 1 young (1024K), 1 survivors (1024K)
 Metaspace       used 35788K, committed 36096K, reserved 1081344K
  class space    used 4526K, committed 4672K, reserved 1048576K
}

